[    0.000000] Initializing cgroup subsys cpuset
[    0.000000] Initializing cgroup subsys cpu
[    0.000000] Initializing cgroup subsys cpuacct
[    0.000000] Linux version 4.4.0-131-generic (buildd@lgw01-amd64-015) (gcc version 5.4.0 20160609 (Ubuntu 5.4.0-6ubuntu1~16.04.10) ) #157-Ubuntu SMP Thu Jul 12 15:51:36 UTC 2018 (Ubuntu 4.4.0-131.157-generic 4.4.134)
[    0.000000] Command line: BOOT_IMAGE=/boot/vmlinuz-4.4.0-131-generic root=LABEL=cloudimg-rootfs ro console=tty1 console=ttyS0
[    0.000000] KERNEL supported cpus:
[    0.000000]   Intel GenuineIntel
[    0.000000]   AMD AuthenticAMD
[    0.000000]   Centaur CentaurHauls
[    0.000000] x86/fpu: xstate_offset[2]:  576, xstate_sizes[2]:  256
[    0.000000] x86/fpu: Supporting XSAVE feature 0x01: 'x87 floating point registers'
[    0.000000] x86/fpu: Supporting XSAVE feature 0x02: 'SSE registers'
[    0.000000] x86/fpu: Supporting XSAVE feature 0x04: 'AVX registers'
[    0.000000] x86/fpu: Enabled xstate features 0x7, context size is 832 bytes, using 'standard' format.
[    0.000000] x86/fpu: Using 'eager' FPU context switches.
[    0.000000] e820: BIOS-provided physical RAM map:
[    0.000000] BIOS-e820: [mem 0x0000000000000000-0x000000000009fbff] usable
[    0.000000] BIOS-e820: [mem 0x000000000009fc00-0x000000000009ffff] reserved
[    0.000000] BIOS-e820: [mem 0x00000000000f0000-0x00000000000fffff] reserved
[    0.000000] BIOS-e820: [mem 0x0000000000100000-0x000000007ffeffff] usable
[    0.000000] BIOS-e820: [mem 0x000000007fff0000-0x000000007fffffff] ACPI data
[    0.000000] BIOS-e820: [mem 0x00000000fec00000-0x00000000fec00fff] reserved
[    0.000000] BIOS-e820: [mem 0x00000000fee00000-0x00000000fee00fff] reserved
[    0.000000] BIOS-e820: [mem 0x00000000fffc0000-0x00000000ffffffff] reserved
[    0.000000] NX (Execute Disable) protection: active
[    0.000000] SMBIOS 2.5 present.
[    0.000000] Hypervisor detected: KVM
[    0.000000] e820: last_pfn = 0x7fff0 max_arch_pfn = 0x400000000
[    0.000000] MTRR: Disabled
[    0.000000] x86/PAT: MTRRs disabled, skipping PAT initialization too.
[    0.000000] CPU MTRRs all blank - virtualized system.
[    0.000000] x86/PAT: Configuration [0-7]: WB  WT  UC- UC  WB  WT  UC- UC  
[    0.000000] found SMP MP-table at [mem 0x0009fff0-0x0009ffff] mapped at [ffff88000009fff0]
[    0.000000] Scanning 1 areas for low memory corruption
[    0.000000] RAMDISK: [mem 0x3630c000-0x3717dfff]
[    0.000000] ACPI: Early table checksum verification disabled
[    0.000000] ACPI: RSDP 0x00000000000E0000 000024 (v02 VBOX  )
[    0.000000] ACPI: XSDT 0x000000007FFF0030 00003C (v01 VBOX   VBOXXSDT 00000001 ASL  00000061)
[    0.000000] ACPI: FACP 0x000000007FFF00F0 0000F4 (v04 VBOX   VBOXFACP 00000001 ASL  00000061)
[    0.000000] ACPI: DSDT 0x000000007FFF0470 0021FF (v02 VBOX   VBOXBIOS 00000002 INTL 20100528)
[    0.000000] ACPI: FACS 0x000000007FFF0200 000040
[    0.000000] ACPI: FACS 0x000000007FFF0200 000040
[    0.000000] ACPI: APIC 0x000000007FFF0240 000054 (v02 VBOX   VBOXAPIC 00000001 ASL  00000061)
[    0.000000] ACPI: SSDT 0x000000007FFF02A0 0001CC (v01 VBOX   VBOXCPUT 00000002 INTL 20100528)
[    0.000000] No NUMA configuration found
[    0.000000] Faking a node at [mem 0x0000000000000000-0x000000007ffeffff]
[    0.000000] NODE_DATA(0) allocated [mem 0x7ffeb000-0x7ffeffff]
[    0.000000] kvm-clock: Using msrs 4b564d01 and 4b564d00
[    0.000000] kvm-clock: cpu 0, msr 0:7ffe3001, primary cpu clock
[    0.000000] kvm-clock: using sched offset of 16813449351 cycles
[    0.000000] clocksource: kvm-clock: mask: 0xffffffffffffffff max_cycles: 0x1cd42e4dffb, max_idle_ns: 881590591483 ns
[    0.000000] Zone ranges:
[    0.000000]   DMA      [mem 0x0000000000001000-0x0000000000ffffff]
[    0.000000]   DMA32    [mem 0x0000000001000000-0x000000007ffeffff]
[    0.000000]   Normal   empty
[    0.000000]   Device   empty
[    0.000000] Movable zone start for each node
[    0.000000] Early memory node ranges
[    0.000000]   node   0: [mem 0x0000000000001000-0x000000000009efff]
[    0.000000]   node   0: [mem 0x0000000000100000-0x000000007ffeffff]
[    0.000000] Initmem setup node 0 [mem 0x0000000000001000-0x000000007ffeffff]
[    0.000000] ACPI: PM-Timer IO Port: 0x4008
[    0.000000] IOAPIC[0]: apic_id 1, version 32, address 0xfec00000, GSI 0-23
[    0.000000] ACPI: INT_SRC_OVR (bus 0 bus_irq 0 global_irq 2 dfl dfl)
[    0.000000] ACPI: INT_SRC_OVR (bus 0 bus_irq 9 global_irq 9 low level)
[    0.000000] Using ACPI (MADT) for SMP configuration information
[    0.000000] smpboot: Allowing 1 CPUs, 0 hotplug CPUs
[    0.000000] PM: Registered nosave memory: [mem 0x00000000-0x00000fff]
[    0.000000] PM: Registered nosave memory: [mem 0x0009f000-0x0009ffff]
[    0.000000] PM: Registered nosave memory: [mem 0x000a0000-0x000effff]
[    0.000000] PM: Registered nosave memory: [mem 0x000f0000-0x000fffff]
[    0.000000] e820: [mem 0x80000000-0xfebfffff] available for PCI devices
[    0.000000] Booting paravirtualized kernel on KVM
[    0.000000] clocksource: refined-jiffies: mask: 0xffffffff max_cycles: 0xffffffff, max_idle_ns: 7645519600211568 ns
[    0.000000] setup_percpu: NR_CPUS:512 nr_cpumask_bits:512 nr_cpu_ids:1 nr_node_ids:1
[    0.000000] PERCPU: Embedded 34 pages/cpu @ffff88007fc00000 s99544 r8192 d31528 u2097152
[    0.000000] PV qspinlock hash table entries: 256 (order: 0, 4096 bytes)
[    0.000000] Built 1 zonelists in Node order, mobility grouping on.  Total pages: 515960
[    0.000000] Policy zone: DMA32
[    0.000000] Kernel command line: BOOT_IMAGE=/boot/vmlinuz-4.4.0-131-generic root=LABEL=cloudimg-rootfs ro console=tty1 console=ttyS0
[    0.000000] PID hash table entries: 4096 (order: 3, 32768 bytes)
[    0.000000] Memory: 2030052K/2096696K available (8546K kernel code, 1313K rwdata, 4000K rodata, 1516K init, 1316K bss, 66644K reserved, 0K cma-reserved)
[    0.000000] SLUB: HWalign=64, Order=0-3, MinObjects=0, CPUs=1, Nodes=1
[    0.000000] Kernel/User page tables isolation: enabled
[    0.000000] Hierarchical RCU implementation.
[    0.000000] 	Build-time adjustment of leaf fanout to 64.
[    0.000000] 	RCU restricting CPUs from NR_CPUS=512 to nr_cpu_ids=1.
[    0.000000] RCU: Adjusting geometry for rcu_fanout_leaf=64, nr_cpu_ids=1
[    0.000000] NR_IRQS:33024 nr_irqs:256 16
[    0.000000] Console: colour VGA+ 80x25
[    0.000000] console [tty1] enabled
[    0.000000] console [ttyS0] enabled
[    0.000000] tsc: Detected 2712.000 MHz processor
[    3.682347] Calibrating delay loop (skipped) preset value.. 5424.00 BogoMIPS (lpj=10848000)
[    3.732421] pid_max: default: 32768 minimum: 301
[    3.758288] ACPI: Core revision 20150930
[    3.783617] ACPI: 2 ACPI AML tables successfully acquired and loaded
[    3.822132] Security Framework initialized
[    3.846300] Yama: becoming mindful.
[    3.868009] AppArmor: AppArmor initialized
[    3.896468] Dentry cache hash table entries: 262144 (order: 9, 2097152 bytes)
[    3.933402] Inode-cache hash table entries: 131072 (order: 8, 1048576 bytes)
[    3.977415] Mount-cache hash table entries: 4096 (order: 3, 32768 bytes)
[    4.011240] Mountpoint-cache hash table entries: 4096 (order: 3, 32768 bytes)
[    4.046922] Initializing cgroup subsys io
[    4.074649] Initializing cgroup subsys memory
[    4.100950] Initializing cgroup subsys devices
[    4.127121] Initializing cgroup subsys freezer
[    4.152985] Initializing cgroup subsys net_cls
[    4.182472] Initializing cgroup subsys perf_event
[    4.213806] Initializing cgroup subsys net_prio
[    4.241876] Initializing cgroup subsys hugetlb
[    4.267204] Initializing cgroup subsys pids
[    4.291916] CPU: Physical Processor ID: 0
[    4.317930] mce: CPU supports 0 MCE banks
[    4.341690] process: using mwait in idle threads
[    4.367288] Last level iTLB entries: 4KB 64, 2MB 8, 4MB 8
[    4.397058] Last level dTLB entries: 4KB 64, 2MB 0, 4MB 0, 1GB 4
[    4.428226] Spectre V2 : Mitigation: Full generic retpoline
[    4.457817] Spectre V2 : Speculation control IBPB not-supported IBRS not-supported
[    4.495157] Spectre V2 : Filling RSB on context switch
[    4.532884] Speculative Store Bypass: Vulnerable
[    4.796872] Freeing SMP alternatives memory: 32K
[    4.987493] ftrace: allocating 32245 entries in 126 pages
[    5.727441] smpboot: APIC(0) Converting physical 0 to logical package 0
[    5.761805] smpboot: Max logical packages: 1
[    5.793825] x2apic enabled
[    5.818699] Switched APIC routing to physical x2apic.
[    5.875658] ..TIMER: vector=0x30 apic1=0 pin1=2 apic2=-1 pin2=-1
[    6.012373] smpboot: CPU0: Intel(R) Core(TM) i5-7200U CPU @ 2.50GHz (family: 0x6, model: 0x8e, stepping: 0x9)
[    6.088844] Performance Events: unsupported p6 CPU model 142 no PMU driver, software events only.
[    6.141588] KVM setup paravirtual spinlock
[    6.166505] x86: Booted up 1 node, 1 CPUs
[    6.189528] smpboot: Total of 1 processors activated (5424.00 BogoMIPS)
[    6.231375] devtmpfs: initialized
[    6.255774] evm: security.selinux
[    6.276876] evm: security.SMACK64
[    6.297768] evm: security.SMACK64EXEC
[    6.320017] evm: security.SMACK64TRANSMUTE
[    6.344556] evm: security.SMACK64MMAP
[    6.370220] evm: security.ima
[    6.391701] evm: security.capability
[    6.414939] clocksource: jiffies: mask: 0xffffffff max_cycles: 0xffffffff, max_idle_ns: 7645041785100000 ns
[    6.467357] futex hash table entries: 256 (order: 2, 16384 bytes)
[    6.498803] pinctrl core: initialized pinctrl subsystem
[    6.528609] RTC time: 21:29:57, date: 08/07/18
[    6.553886] NET: Registered protocol family 16
[    6.580044] cpuidle: using governor ladder
[    6.604472] cpuidle: using governor menu
[    6.632195] PCCT header not found.
[    6.653174] ACPI: bus type PCI registered
[    6.676399] acpiphp: ACPI Hot Plug PCI Controller Driver version: 0.5
[    6.713380] PCI: Using configuration type 1 for base access
[    6.745192] ACPI: Added _OSI(Module Device)
[    6.769759] ACPI: Added _OSI(Processor Device)
[    6.794731] ACPI: Added _OSI(3.0 _SCP Extensions)
[    6.821476] ACPI: Added _OSI(Processor Aggregator Device)
[    6.856839] ACPI: Executed 1 blocks of module-level executable AML code
[    6.904477] ACPI: Interpreter enabled
[    6.925939] ACPI: (supports S0 S5)
[    6.946869] ACPI: Using IOAPIC for interrupt routing
[    6.975609] PCI: Using host bridge windows from ACPI; if necessary, use "pci=nocrs" and report a bug
[    7.054332] ACPI: PCI Root Bridge [PCI0] (domain 0000 [bus 00-ff])
[    7.087124] acpi PNP0A03:00: _OSC: OS supports [ASPM ClockPM Segments MSI]
[    7.121769] acpi PNP0A03:00: _OSC: not requesting OS control; OS requires [ExtendedConfig ASPM ClockPM MSI]
[    7.174828] acpi PNP0A03:00: fail to add MMCONFIG information, can't access extended PCI configuration space under this bridge.
[    7.249498] PCI host bridge to bus 0000:00
[    7.273310] pci_bus 0000:00: root bus resource [io  0x0000-0x0cf7 window]
[    7.307967] pci_bus 0000:00: root bus resource [io  0x0d00-0xffff window]
[    7.356578] pci_bus 0000:00: root bus resource [mem 0x000a0000-0x000bffff window]
[    7.398766] pci_bus 0000:00: root bus resource [mem 0x80000000-0xfdffffff window]
[    7.442380] pci_bus 0000:00: root bus resource [bus 00-ff]
[    7.530422] pci 0000:00:01.1: legacy IDE quirk: reg 0x10: [io  0x01f0-0x01f7]
[    7.566741] pci 0000:00:01.1: legacy IDE quirk: reg 0x14: [io  0x03f6]
[    7.600174] pci 0000:00:01.1: legacy IDE quirk: reg 0x18: [io  0x0170-0x0177]
[    7.635999] pci 0000:00:01.1: legacy IDE quirk: reg 0x1c: [io  0x0376]
[    8.125691] pci 0000:00:07.0: quirk: [io  0x4000-0x403f] claimed by PIIX4 ACPI
[    8.167385] pci 0000:00:07.0: quirk: [io  0x4100-0x410f] claimed by PIIX4 SMB
[    8.333275] ACPI: PCI Interrupt Link [LNKA] (IRQs 5 9 10 *11)
[    8.381171] ACPI: PCI Interrupt Link [LNKB] (IRQs 5 9 *10 11)
[    8.428266] ACPI: PCI Interrupt Link [LNKC] (IRQs 5 *9 10 11)
[    8.474883] ACPI: PCI Interrupt Link [LNKD] (IRQs 5 9 10 *11)
[    8.523054] ACPI: Enabled 2 GPEs in block 00 to 07
[    8.560672] vgaarb: setting as boot device: PCI:0000:00:02.0
[    8.594748] vgaarb: device added: PCI:0000:00:02.0,decodes=io+mem,owns=io+mem,locks=none
[    8.643424] vgaarb: loaded
[    8.663124] vgaarb: bridge control possible 0000:00:02.0
[    8.692942] SCSI subsystem initialized
[    8.716070] ACPI: bus type USB registered
[    8.740344] usbcore: registered new interface driver usbfs
[    8.771633] usbcore: registered new interface driver hub
[    8.799743] usbcore: registered new device driver usb
[    8.828295] PCI: Using ACPI for IRQ routing
[    8.859129] NetLabel: Initializing
[    8.880160] NetLabel:  domain hash size = 128
[    8.905437] NetLabel:  protocols = UNLABELED CIPSOv4
[    8.933112] NetLabel:  unlabeled traffic allowed by default
[    8.964245] amd_nb: Cannot enumerate AMD northbridges
[    8.991745] clocksource: Switched to clocksource kvm-clock
[    9.040190] AppArmor: AppArmor Filesystem Enabled
[    9.069043] pnp: PnP ACPI init
[    9.098320] pnp: PnP ACPI: found 3 devices
[    9.131409] clocksource: acpi_pm: mask: 0xffffff max_cycles: 0xffffff, max_idle_ns: 2085701024 ns
[    9.180070] NET: Registered protocol family 2
[    9.205264] TCP established hash table entries: 16384 (order: 5, 131072 bytes)
[    9.246505] TCP bind hash table entries: 16384 (order: 6, 262144 bytes)
[    9.285365] TCP: Hash tables configured (established 16384 bind 16384)
[    9.319067] UDP hash table entries: 1024 (order: 3, 32768 bytes)
[    9.350221] UDP-Lite hash table entries: 1024 (order: 3, 32768 bytes)
[    9.383095] NET: Registered protocol family 1
[    9.407768] pci 0000:00:00.0: Limiting direct PCI/PCI transfers
[    9.438909] pci 0000:00:01.0: Activating ISA DMA hang workarounds
[    9.473635] Unpacking initramfs...
[    9.951443] Freeing initrd memory: 14792K
[    9.976753] platform rtc_cmos: registered platform RTC device (no PNP device found)
[   10.019498] Scanning for low memory corruption every 60 seconds
[   10.052692] audit: initializing netlink subsys (disabled)
[   10.088415] audit: type=2000 audit(1533677411.670:1): initialized
[   10.121595] Initialise system trusted keyring
[   10.146859] HugeTLB registered 2 MB page size, pre-allocated 0 pages
[   10.182152] zbud: loaded
[   10.204432] VFS: Disk quotas dquot_6.6.0
[   10.228530] VFS: Dquot-cache hash table entries: 512 (order 0, 4096 bytes)
[   10.263386] squashfs: version 4.0 (2009/01/31) Phillip Lougher
[   10.294606] fuse init (API version 7.23)
[   10.318922] Key type big_key registered
[   10.348004] Allocating IMA MOK and blacklist keyrings.
[   10.378546] Key type asymmetric registered
[   10.402539] Asymmetric key parser 'x509' registered
[   10.429933] Block layer SCSI generic (bsg) driver version 0.4 loaded (major 249)
[   10.471960] io scheduler noop registered
[   10.494838] io scheduler deadline registered (default)
[   10.522507] io scheduler cfq registered
[   10.545206] pci_hotplug: PCI Hot Plug PCI Core version: 0.5
[   10.575288] pciehp: PCI Express Hot Plug Controller Driver version: 0.4
[   10.610047] ACPI: AC Adapter [AC] (on-line)
[   10.635162] input: Power Button as /devices/LNXSYSTM:00/LNXPWRBN:00/input/input0
[   10.676481] ACPI: Power Button [PWRF]
[   10.699622] input: Sleep Button as /devices/LNXSYSTM:00/LNXSLPBN:00/input/input1
[   10.742644] ACPI: Sleep Button [SLPF]
[   10.772577] GHES: HEST is not enabled!
[   10.801887] ACPI: Battery Slot [BAT0] (battery present)
[   10.832746] Serial: 8250/16550 driver, 32 ports, IRQ sharing enabled
[   10.960340] 00:02: ttyS0 at I/O 0x3f8 (irq = 4, base_baud = 115200) is a 16550A
[   11.011705] Linux agpgart interface v0.103
[   11.039109] loop: module loaded
[   11.065352] scsi host0: ata_piix
[   11.086137] scsi host1: ata_piix
[   11.106581] ata1: PATA max UDMA/33 cmd 0x1f0 ctl 0x3f6 bmdma 0xd000 irq 14
[   11.141614] ata2: PATA max UDMA/33 cmd 0x170 ctl 0x376 bmdma 0xd008 irq 15
[   11.186825] libphy: Fixed MDIO Bus: probed
[   11.210816] tun: Universal TUN/TAP device driver, 1.6
[   11.238413] tun: (C) 1999-2004 Max Krasnyansky <maxk@qualcomm.com>
[   11.271362] PPP generic driver version 2.4.2
[   11.296055] ehci_hcd: USB 2.0 'Enhanced' Host Controller (EHCI) Driver
[   11.329195] ehci-pci: EHCI PCI platform driver
[   11.357635] ehci-platform: EHCI generic platform driver
[   11.386109] ohci_hcd: USB 1.1 'Open' Host Controller (OHCI) Driver
[   11.419658] ohci-pci: OHCI PCI platform driver
[   11.444468] ohci-platform: OHCI generic platform driver
[   11.472615] uhci_hcd: USB Universal Host Controller Interface driver
[   11.505116] i8042: PNP: PS/2 Controller [PNP0303:PS2K,PNP0f03:PS2M] at 0x60,0x64 irq 1,12
[   11.558333] serio: i8042 KBD port at 0x60,0x64 irq 1
[   11.585971] serio: i8042 AUX port at 0x60,0x64 irq 12
[   11.614036] mousedev: PS/2 mouse device common for all mice
[   11.646938] input: AT Translated Set 2 keyboard as /devices/platform/i8042/serio0/input/input2
[   11.698839] rtc_cmos rtc_cmos: rtc core: registered rtc_cmos as rtc0
[   11.733210] rtc_cmos rtc_cmos: alarms up to one day, 114 bytes nvram
[   11.766862] i2c /dev entries driver
[   11.788614] device-mapper: uevent: version 1.0.3
[   11.814962] device-mapper: ioctl: 4.34.0-ioctl (2015-10-28) initialised: dm-devel@redhat.com
[   11.861865] ledtrig-cpu: registered to indicate activity on CPUs
[   11.898268] NET: Registered protocol family 10
[   11.926613] NET: Registered protocol family 17
[   11.957274] Key type dns_resolver registered
[   11.986883] registered taskstats version 1
[   12.011546] Loading compiled-in X.509 certificates
[   12.039103] Loaded X.509 cert 'Build time autogenerated kernel key: 8f274abdf49cd12572c1533a34d1eafea768213f'
[   12.099629] zswap: loaded using pool lzo/zbud
[   12.127254] Key type trusted registered
[   12.155134] Key type encrypted registered
[   12.179227] AppArmor: AppArmor sha1 policy hashing enabled
[   12.211508] ima: No TPM chip found, activating TPM-bypass!
[   12.241269] ima: Allocated hash algorithm: sha1
[   12.266791] evm: HMAC attrs: 0x1
[   12.292911]   Magic number: 14:691:499
[   12.316782] rtc_cmos rtc_cmos: setting system clock to 2018-08-07 21:30:03 UTC (1533677403)
[   12.365449] BIOS EDD facility v0.16 2004-Jun-25, 0 devices found
[   12.396954] EDD information not available.
[   12.431182] Freeing unused kernel memory: 1516K
[   12.468484] Write protecting the kernel read-only data: 14336k
[   12.502048] Freeing unused kernel memory: 1680K
[   12.527650] Freeing unused kernel memory: 96K
Loading, please wait...
starting version 229
[   12.594636] random: udevadm: uninitialized urandom read (16 bytes read, 11 bits of entropy available)
[   12.646883] random: systemd-udevd: uninitialized urandom read (16 bytes read, 11 bits of entropy available)
[   12.698679] random: systemd-udevd: uninitialized urandom read (16 bytes read, 11 bits of entropy available)
[   12.750272] random: udevadm: uninitialized urandom read (16 bytes read, 11 bits of entropy available)
[   12.799158] random: systemd-udevd: uninitialized urandom read (16 bytes read, 11 bits of entropy available)
[   12.863510] random: udevadm: uninitialized urandom read (16 bytes read, 11 bits of entropy available)
[   12.913447] random: systemd-udevd: uninitialized urandom read (16 bytes read, 11 bits of entropy available)
[   12.968518] random: udevadm: uninitialized urandom read (16 bytes read, 11 bits of entropy available)
[   13.027186] random: systemd-udevd: uninitialized urandom read (16 bytes read, 11 bits of entropy available)
[   13.082415] random: udevadm: uninitialized urandom read (16 bytes read, 11 bits of entropy available)
[   13.244279] Fusion MPT base driver 3.04.20
[   13.268508] Copyright (c) 1999-2008 LSI Corporation
[   13.310957] e1000: Intel(R) PRO/1000 Network Driver - version 7.3.21-k8-NAPI
[   13.348962] e1000: Copyright (c) 1999-2006 Intel Corporation.
[   13.490397] AVX2 version of gcm_enc/dec engaged.
[   13.518179] AES CTR mode by8 optimization enabled
[   13.566308] Fusion MPT SPI Host driver 3.04.20
[   13.754264] input: ImExPS/2 Generic Explorer Mouse as /devices/platform/i8042/serio1/input/input4
[   15.961001] e1000 0000:00:03.0 eth0: (PCI:33MHz:32-bit) 02:17:6d:c2:33:c4
[   15.994986] e1000 0000:00:03.0 eth0: Intel(R) PRO/1000 Network Connection
[   16.034150] mptbase: ioc0: Initiating bringup
[   16.128238] ioc0: LSI53C1030 A0: Capabilities={Initiator}
[   16.353371] scsi host2: ioc0: LSI53C1030 A0, FwRev=00000000h, Ports=1, MaxQ=256, IRQ=20
[   16.520949] scsi 2:0:0:0: Direct-Access     VBOX     HARDDISK         1.0  PQ: 0 ANSI: 5
[   16.574108] scsi target2:0:0: Beginning Domain Validation
[   16.613069] scsi target2:0:0: Domain Validation skipping write tests
[   16.646146] scsi target2:0:0: Ending Domain Validation
[   16.734860] scsi target2:0:0: asynchronous
[   16.850646] scsi 2:0:1:0: Direct-Access     VBOX     HARDDISK         1.0  PQ: 0 ANSI: 5
[   16.952280] scsi target2:0:1: Beginning Domain Validation
[   17.295279] scsi target2:0:1: Domain Validation skipping write tests
[   17.328345] scsi target2:0:1: Ending Domain Validation
[   17.423264] scsi target2:0:1: asynchronous
[   17.954430] sd 2:0:0:0: Attached scsi generic sg0 type 0
[   17.983702] sd 2:0:0:0: [sda] 20971520 512-byte logical blocks: (10.7 GB/10.0 GiB)
[   18.305593] sd 2:0:1:0: [sdb] 20480 512-byte logical blocks: (10.5 MB/10.0 MiB)
[   18.348976] sd 2:0:1:0: Attached scsi generic sg1 type 0
[   18.470711] sd 2:0:1:0: [sdb] Write Protect is off
[   18.561872] sd 2:0:1:0: [sdb] Incomplete mode parameter data
[   18.595615] sd 2:0:1:0: [sdb] Assuming drive cache: write through
[   18.783362] sd 2:0:0:0: [sda] Write Protect is off
[   18.870120] sd 2:0:0:0: [sda] Incomplete mode parameter data
[   18.899399] sd 2:0:0:0: [sda] Assuming drive cache: write through
[   19.150262]  sda: sda1
[   19.171886] sd 2:0:1:0: [sdb] Attached SCSI disk
[   19.292859] sd 2:0:0:0: [sda] Attached SCSI disk
[   19.789390] e1000 0000:00:08.0 eth1: (PCI:33MHz:32-bit) 08:00:27:60:ac:bb
[   19.823532] e1000 0000:00:08.0 eth1: Intel(R) PRO/1000 Network Connection
[   19.867462] e1000 0000:00:08.0 enp0s8: renamed from eth1
[   19.904296] e1000 0000:00:03.0 enp0s3: renamed from eth0
Begin: Loading essential drivers ... [   28.789171] md: linear personality registered for level -1
[   28.824042] md: multipath personality registered for level -4
[   28.858600] md: raid0 personality registered for level 0
[   28.895819] md: raid1 personality registered for level 1
[   29.000053] raid6: sse2x1   gen()  6097 MB/s
[   29.091815] raid6: sse2x1   xor()  4228 MB/s
[   29.184061] raid6: sse2x2   gen()  7506 MB/s
[   29.275838] raid6: sse2x2   xor()  4862 MB/s
[   29.368060] raid6: sse2x4   gen()  6779 MB/s
[   29.460363] raid6: sse2x4   xor()  4077 MB/s
[   29.552076] raid6: avx2x1   gen() 11962 MB/s
[   29.647807] raid6: avx2x2   gen() 11578 MB/s
[   29.740046] raid6: avx2x4   gen() 15558 MB/s
[   29.764908] raid6: using algorithm avx2x4 gen() 15558 MB/s
[   29.794248] raid6: using avx2x2 recovery algorithm
[   29.825669] xor: automatically using best checksumming function:
[   29.896384]    avx       : 14871.000 MB/sec
[   29.923241] async_tx: api initialized (async)
[   29.985375] md: raid6 personality registered for level 6
[   30.015433] md: raid5 personality registered for level 5
[   30.044108] md: raid4 personality registered for level 4
[   30.093331] md: raid10 personality registered for level 10
done.
Begin: Running /scripts/init-premount ... done.
Begin: Mounting root file system ... Begin: Running /scripts/local-top ... done.
Begin: Running /scripts/local-premount ... [   30.296207] Btrfs loaded
Scanning for Btrfs filesystems
done.
[   30.389861] random: nonblocking pool is initialized
Warning: fsck not present, so skipping root file system
[   30.569902] EXT4-fs (sda1): mounted filesystem with ordered data mode. Opts: (null)
done.
Begin: Running /scripts/local-bottom ... done.
Begin: Running /scripts/init-bottom ... done.
[   31.533214] systemd[1]: systemd 229 running in system mode. (+PAM +AUDIT +SELINUX +IMA +APPARMOR +SMACK +SYSVINIT +UTMP +LIBCRYPTSETUP +GCRYPT +GNUTLS +ACL +XZ -LZ4 +SECCOMP +BLKID +ELFUTILS +KMOD -IDN)
[   31.623722] systemd[1]: Detected virtualization oracle.
[   31.651866] systemd[1]: Detected architecture x86-64.

Welcome to [1mUbuntu 16.04.5 LTS[0m!

[   31.791183] systemd[1]: Set hostname to <ubuntu>.
[   31.862633] systemd[1]: Initializing machine ID from random generator.
[   31.895563] systemd[1]: Installed transient /etc/machine-id file.
[   32.770147] systemd[1]: Listening on /dev/initctl Compatibility Named Pipe.
[[0;32m  OK  [0m] Listening on /dev/initctl Compatibility Named Pipe.
[   32.852832] systemd[1]: Created slice User and Session Slice.
[[0;32m  OK  [0m] Created slice User and Session Slice.
[   32.926514] systemd[1]: Reached target System Time Synchronized.
[[0;32m  OK  [0m] Reached target System Time Synchronized.
[   32.996834] systemd[1]: Listening on Journal Audit Socket.
[[0;32m  OK  [0m] Listening on Journal Audit Socket.
[   33.064710] systemd[1]: Reached target Swap.
[[0;32m  OK  [0m] Reached target Swap.
[   33.122070] systemd[1]: Set up automount Arbitrary Executable File Formats File System Automount Point.
[[0;32m  OK  [0m] Set up automount Arbitrary Executab...ats File System Automount Point.
[   33.218819] systemd[1]: Listening on Journal Socket.
[[0;32m  OK  [0m] Listening on Journal Socket.
[   33.281579] systemd[1]: Started Forward Password Requests to Wall Directory Watch.
[[0;32m  OK  [0m] Started Forward Password Requests to Wall Directory Watch.
[   33.367135] systemd[1]: Created slice System Slice.
[[0;32m  OK  [0m] Created slice System Slice.
[   33.429605] systemd[1]: Reached target Slices.
[[0;32m  OK  [0m] Reached target Slices.
[   33.489107] systemd[1]: Starting Set console keymap...
         Starting Set console keymap...
[   33.554975] systemd[1]: Mounting Huge Pages File System...
         Mounting Huge Pages File System...
[   33.638603] systemd[1]: Starting Load Kernel Modules...
         Starting Load Kernel Modules...
[   33.742961] systemd[1]: Starting Remount Root and Kernel File Systems...
         [   33.802145] Loading iSCSI transport class v2.0-870.
Starting Remount Root and Kernel File Systems...
[   33.854635] EXT4-fs (sda1): re-mounted. Opts: (null)
[   33.883314] systemd[1]: Mounting POSIX Message Queue File System...
         Mounting POSIX Message Queue File System...[   33.965660] iscsi: registered transport (tcp)

[   34.000094] systemd[1]: Listening on LVM2 metadata daemon socket.
[[0;32m  OK  [0m] Listening on LVM2 metadata daemon socket.
[   34.099620] systemd[1]: Listening on Device-mapper event daemon FIFOs.
[[0;32m  OK  [0m] Listening on Device-mapper event daemon FIFOs.
[   34.189621] systemd[1]: Starting Monitoring of LVM2 mirrors, snapshots etc. using dmeventd or progress polling...
         Starting Monitoring of LVM2 mirrors... dmeventd or progress polling...
[   34.292038] iscsi: registered transport (iser)
[   34.318061] systemd[1]: Listening on Syslog Socket.
[[0;32m  OK  [0m] Listening on Syslog Socket.
[   34.385575] systemd[1]: Reached target User and Group Name Lookups.
[[0;32m  OK  [0m] Reached target User and Group Name Lookups.
[   34.468588] systemd[1]: Starting Uncomplicated firewall...
         Starting Uncomplicated firewall...
[   34.537087] systemd[1]: Starting Nameserver information manager...
         Starting Nameserver information manager...
[   34.605075] systemd[1]: Created slice system-serial\x2dgetty.slice.
[[0;32m  OK  [0m] Created slice system-serial\x2dgetty.slice.
[   34.677509] systemd[1]: Reached target Encrypted Volumes.
[[0;32m  OK  [0m] Reached target Encrypted Volumes.
[   34.745181] systemd[1]: Starting Create list of required static device nodes for the current kernel...
         Starting Create list of required st... nodes for the current kernel...
[   34.840661] systemd[1]: Listening on udev Control Socket.
[[0;32m  OK  [0m] Listening on udev Control Socket.
[   34.909718] systemd[1]: Listening on Journal Socket (/dev/log).
[[0;32m  OK  [0m] Listening on Journal Socket (/dev/log).
[   34.978550] systemd[1]: Listening on LVM2 poll daemon socket.
[[0;32m  OK  [0m] Listening on LVM2 poll daemon socket.
[   35.051664] systemd[1]: Listening on udev Kernel Socket.
[[0;32m  OK  [0m] Listening on udev Kernel Socket.
[   35.129984] systemd[1]: Mounting Debug File System...
         Mounting Debug File System...
[   35.191529] systemd[1]: Starting Journal Service...
         Starting Journal Service...
[   35.253806] systemd[1]: Started Trigger resolvconf update for networkd DNS.
[[0;32m  OK  [0m] Started Trigger resolvconf update for networkd DNS.
[   35.339707] systemd[1]: Mounted POSIX Message Queue File System.
[[0;32m  OK  [0m] Mounted POSIX Message Queue File System.
[   35.431655] systemd[1]: Mounted Debug File System.
[[0;32m  OK  [0m] Mounted Debug File System.
[   35.491660] systemd[1]: Mounted Huge Pages File System.
[[0;32m  OK  [0m] Mounted Huge Pages File System.
[   35.556439] systemd[1]: Started Journal Service.
[[0;32m  OK  [0m] Started Journal Service.
[[0;32m  OK  [0m] Started Set console keymap.
[[0;32m  OK  [0m] Started Load Kernel Modules.
[[0;32m  OK  [0m] Started Remount Root and Kernel File Systems.
[[0;32m  OK  [0m] Started Uncomplicated firewall.
[[0;32m  OK  [0m] Started Create list of required sta...ce nodes for the current kernel.
[[0;32m  OK  [0m] Started Nameserver information manager.
[[0;32m  OK  [0m] Started LVM2 metadata daemon.
         Starting Create Static Device Nodes in /dev...
         Starting udev Coldplug all Devices...
         Starting Load/Save Random Seed...
         Starting Apply Kernel Variables...
         Mounting FUSE Control File System...
         Starting Flush Journal to Persistent Storage...
[[0;32m  OK  [0m] Mounted FUSE Control File System.
[[0;32m  OK  [0m] Started Create Static Device Nodes in /dev.
[[0;32m  OK  [0m] Started Monitoring of LVM2 mirrors,...ng dmeventd or progress polling.
[[0;32m  OK  [0m] Started Load/Save Random Seed.
[[0;32m  OK  [0m] Started Apply Kernel Variables.
[[0;32m  OK  [0m] Started udev Coldplug all Devices.
[[0;32m  OK  [0m] Started Flush Journal to Persistent Storage.
         Starting udev Kernel Device Manager...
[[0;32m  OK  [0m] Started udev Kernel Device Manager.
[[0;32m  OK  [0m] Started Dispatch Password Requests to Console Directory Watch.
[[0;32m  OK  [0m] Reached target Local File Systems (Pre).
[[0;32m  OK  [0m] Reached target Local File Systems.
         Starting Create Volatile Files and Directories...
         Starting Initial cloud-init job (pre-networking)...
         Starting Tell Plymouth To Write Out Runtime Data...
         Starting Commit a transient machine-id on disk...
         Starting Set console font and keymap...
         Starting LSB: AppArmor initialization...
[[0;32m  OK  [0m] Started Create Volatile Files and Directories.
[[0;32m  OK  [0m] Started Tell Plymouth To Write Out Runtime Data.
[[0;32m  OK  [0m] Started Commit a transient machine-id on disk.
[[0;32m  OK  [0m] Found device /dev/ttyS0.
[[0;32m  OK  [0m] Listening on Load/Save RF Kill Switch Status /dev/rfkill Watch.
[   38.465546]          Starting Update UTMP about System Boot/Shutdown...cloud-init
[480]: Cloud-init v. 18.2 running 'init-local' at Tue, 07 Aug 2018 21:30:36 +0000. Up 37.50 seconds.
[[0;32m  OK  [0m] Started LSB: AppArmor initialization.
[[0;32m  OK  [0m] Started Initial cloud-init job (pre-networking).
[[0;32m  OK  [0m] Reached target Network (Pre).
         Starting Raise network interfaces...
[[0;32m  OK  [0m] Started Update UTMP about System Boot/Shutdown.
[[0;32m  OK  [0m] Started Set console font and keymap.
[[0;32m  OK  [0m] Created slice system-getty.slice.
[[0;32m  OK  [0m] Started Raise network interfaces.
         Starting Initial cloud-init job (metadata service crawler)...
[[0;32m  OK  [0m] Reached target Network.
[   58.138626] cloud-init[950]: Cloud-init v. 18.2 running 'init' at Tue, 07 Aug 2018 21:30:54 +0000. Up 55.98 seconds.
[   58.240901] cloud-init[[950]: [0;32m  OK  [0mci-info: ++++++++++++++++++++++++++++++++++++++Net device info++++++++++++++++++++++++++++++++++++++] Started Initial cloud-init job (metadata service crawler).
[
[0;32m  OK  [0m[   58.355166] ] Reached target Network is Online.cloud-init[950]: ci-info: +--------+-------+----------------------------+---------------+-------+-------------------+
         Starting iSCSI initiator daemon (iscsid)...

[[   58.446613] [0;32m  OK  [0m] Reached target System Initialization.cloud-init[950]: 
ci-info: | Device |   Up  |          Address           |      Mask     | Scope |     Hw-Address    |[[0;32m  OK  [0m] Listening on D-Bus System Message Bus Socket.

[   58.563028]          Starting Socket activation for snappy daemon.cloud-init[950]: ci-info: +--------+-------+----------------------------+---------------+-------+-------------------+

[[0;32m  OK  [0m[   58.651867] ] Started ACPI Events Check.cloud-init[950]: ci-info: | enp0s3 |  True |         10.0.2.15          | 255.255.255.0 |   .   | 02:17:6d:c2:33:c4 |
[[0;32m  OK  [0m] Reached target Paths.
[[0;32m  OK  [0m
[   58.749500] ] Started Daily apt download activities.cloud-init[950]: ci-info: | enp0s3 |  True | fe80::17:6dff:fec2:33c4/64 |       .       |  link | 02:17:6d:c2:33:c4 |
[[0;32m  OK  [0m] Listening on ACPID Listen Socket.
[
[   58.842051] [0;32m  OK  [0mcloud-init] Listening on UUID daemon activation socket.[950]: ci-info: | enp0s8 | False |             .              |       .       |   .   | 08:00:27:60:ac:bb |
[[0;32m  OK  [0m] Started Daily apt upgrade and clean activities.
[   58.938512] cloud-init
[950]: [[0;32m  OK  [0mci-info: |   lo   |  True |         127.0.0.1          |   255.0.0.0   |   .   |         .         |] Started Daily Cleanup of Temporary Directories.
[[0;32m  OK  [0m
[   59.028006] ] Reached target Timers.cloud-init[950]: 
ci-info: |   lo   |  True |          ::1/128           |       .       |  host |         .         |
         [   59.089741] Starting LXD - unix socket.cloud-init[950]: 
[ci-info: +--------+-------+----------------------------+---------------+-------+-------------------+[0;32m  OK  [0m] Reached target Cloud-config availability.

[   59.191398] [[0;32m  OK  [0mcloud-init] Listening on Socket activation for snappy daemon.[950]: ci-info: +++++++++++++++++++++++++++Route IPv4 info++++++++++++++++++++++++++++
[[0;32m  OK  [0m] Listening on LXD - unix socket.
[   59.323005] 
[cloud-init[0;32m  OK  [0m[950]: ] Started iSCSI initiator daemon (iscsid).ci-info: +-------+-------------+----------+---------------+-----------+-------+

         [   59.423556] cloud-initStarting Login to default iSCSI targets...[950]: ci-info: | Route | Destination | Gateway  |    Genmask    | Interface | Flags |
[[0;32m  OK  [0m] Reached target Sockets.
[   59.547639] 
cloud-init[[0;32m  OK  [0m[950]: ci-info: +-------+-------------+----------+---------------+-----------+-------+] Reached target Basic System.

         [   59.644312] Starting Login Service...cloud-init
[950]:          ci-info: |   0   |   0.0.0.0   | 10.0.2.2 |    0.0.0.0    |   enp0s3  |   UG  |Starting LSB: MD monitoring daemon...

         Starting Pollinate to seed the pseudo random number generator...
[[   59.769797] [0;32m  OK  [0mcloud-init] Started Unattended Upgrades Shutdown.[950]: ci-info: |   1   |   10.0.2.0  | 0.0.0.0  | 255.255.255.0 |   enp0s3  |   U   |
         Starting LXD - container startup/shutdown...
[   59.953840] 
cloud-init[[0;32m  OK  [0m[950]: ci-info: +-------+-------------+----------+---------------+-----------+-------+] Started D-Bus System Message Bus.

[   60.055597] cloud-init[950]: Generating public/private rsa key pair.
[   60.109049] cloud-init[950]: Your identification has been saved in /etc/ssh/ssh_host_rsa_key.
[   60.165083] cloud-init[950]: Your public key has been saved in /etc/ssh/ssh_host_rsa_key.pub.
[   60.219266] cloud-init[950]: The key fingerprint is:
[   60.278824] cloud-init[950]: SHA256:RbDBzCcx7nA+rcMmAUmASw0+Drtyy5qyl5dOdzm5UK8 root@ubuntu-xenial
[   60.338139] cloud-init[950]: The key's randomart image is:
[   60.396436] cloud-init[950]: +---[RSA 2048]----+
[   60.439907] cloud-init[950]: | o+..  +=o.      |
[   60.486197] cloud-init[950]: |o. o . .==.      |
[   60.567438] cloud-init[950]: |o+  o . +o.      |
[   60.619530] cloud-init[950]: |+..  . = o       |
[   60.666617] cloud-init[950]: |..    . S .      |
[   60.719795] cloud-init[950]: | .     + *       |
[   60.775851] cloud-init[950]: |o ....+ X .      |
[   60.850667] cloud-init[950]: |o+ooo. = =       |
[   60.903643] cloud-init[950]: |=+oo.   E        |
[   60.945002] cloud-init[950]: +----[SHA256]-----+
[   60.986097] cloud-init[950]: Generating public/private dsa key pair.
[   61.037339] cloud-init[950]: Your identification has been saved in /etc/ssh/ssh_host_dsa_key.
         Starting Apply the settings specified in cloud-config...[   61.132522] 
cloud-init         [950]: Starting System Logging Service...Your public key has been saved in /etc/ssh/ssh_host_dsa_key.pub.
         Starting Accounts Service...
         Starting Virtualbox guest utils...

[   61.316816] [[0;32m  OK  [0m] cloud-initStarted Deferred execution scheduler.
[950]:          The key fingerprint is:Starting Snappy daemon...
         
Starting /etc/rc.local Compatibility...[   61.495829] 
[cloud-init[0;32m  OK  [0m] Started Regular background program processing daemon.[950]: SHA256:SJILdQNkZhtPxN49/YalqLDiYfI2GEoCxSs0RaXW14o root@ubuntu-xenial
[[0;32m  OK  [0m] Started ACPI event daemon.
[[0;32m  OK  [0m] Started FUSE filesystem for LXC.

         [   61.758856] Starting LSB: Record successful boot for GRUB...cloud-init
[950]: [[0;32m  OK  [0mThe key's randomart image is:] Started /etc/rc.local Compatibility.

[[0;32m  OK  [0m] Started System Logging Service.
[   62.120991] cloud-init[950]: +---[DSA 1024]----+
[   62.301003] [[0;32m  OK  [0mcloud-init] Started Login to default iSCSI targets.[950]: 
| .o+X==          |
[   62.481124] [[0;32m  OK  [0m] Reached target Remote File Systems (Pre).cloud-init
[[0;32m  OK  [0m[950]: | oo=oB...        |
] Reached target Remote File Systems.
         Starting LSB: Set the CPU Frequency Scaling governor to "ondemand"...[   62.632476] 
         cloud-initStarting LSB: automatic crash report generation...[950]: |..o++ooo o .     |
         Starting LSB: daemon to balance interrupts for SMP systems...

         Starting Permit User Sessions...[   62.891766] 
[[0;32m  OK  [0m] Started LSB: MD monitoring daemon.cloud-init
[950]: [[0;32m  OK  [0m] |o o. ++.o o . .  |Started Login Service.

[[0;32m  OK  [0m] Started Permit User Sessions.[   63.152737] 
cloud-init[[0;32m  OK  [0m] Started LSB: Set the CPU Frequency Scaling governor to "ondemand".
[[0;32m  OK  [0m[950]: ] Started LSB: Record successful boot for GRUB.|..  .E..S  o =   |

[   63.467562] cloud-init         Starting Authenticate and Authorize Users to Run Privileged Tasks...[950]: |...   .   . o o  |
         Starting Hold until boot process finishes up...

         Starting Terminate Plymouth Boot Screen...[   63.798068] 
[cloud-init[0;32m  OK  [0m] Started LSB: daemon to balance interrupts for SMP systems.[950]: 
[[0;32m  OK  [0m|o..oo  o .   .   |] Started Hold until boot process finishes up.

[   63.988834] [[0;32m  OK  [0m] cloud-initStarted Terminate Plymouth Boot Screen.[950]: 
|. .++.. .        |[[0;32m  OK  [0m] Started Getty on tty1.

[[0;32m  OK  [0m] Started Serial Getty on ttyS0.
[[0;32m  OK  [0m[   64.311866] ] Reached target Login Prompts.cloud-init
         [950]: Starting Set console scheme...|   ooo           |
[[0;32m  OK  [0m] Started LSB: automatic crash report generation.

[[0;32m  OK  [0m] [   64.534369] Started Authenticate and Authorize Users to Run Privileged Tasks.
cloud-init[[0;32m  OK  [0m] Started Set console scheme.
[950]: [[0;32m  OK  [0m] Started Virtualbox guest utils.
[+----[SHA256]-----+[0;32m  OK  [0m] Started Accounts Service.

[[0;32m  OK  [0m] Started LXD - container startup/shutdown.[   64.818323] 
cloud-init[950]: Generating public/private ecdsa key pair.
[   64.986479] cloud-init[950]: Your identification has been saved in /etc/ssh/ssh_host_ecdsa_key.[[0;32m  OK  [0m
] Started Pollinate to seed the pseudo random number generator.[   65.151557] 
cloud-init[950]: Your public key has been saved in /etc/ssh/ssh_host_ecdsa_key.pub.         Starting OpenBSD Secure Shell server...

[   65.331092] cloud-init[[0;32m  OK  [0m] Started OpenBSD Secure Shell server.[950]: The key fingerprint is:

[   65.513585] cloud-init[950]: SHA256:jdb6HaT+W9rRuBqNO8DmHyRngnO08Z1M2i4jZHctceU root@ubuntu-xenial
[   65.695169] cloud-init[[0;32m  OK  [0m[950]: ] Started Snappy daemon.
The key's randomart image is:         Starting Wait until snapd is fully seeded...

[   65.889939] cloud-init[950]: +---[ECDSA 256]---+
[   66.013932] cloud-init[950]: |                .|
[   66.086398] cloud-init[950]: |               ..|
[   66.184953] cloud-init[950]: |          o   o E|
[   66.304584] cloud-init[950]: |         * + * = |
[   66.425157] cloud-init[950]: |        S.X O B .|
[   66.507544] cloud-init[950]: |       . *+X = + |
[   66.562266] cloud-init[950]: |        .oo.B * .|
[   66.617337] cloud-init[950]: |         o.o.@ o |
[   66.674921] cloud-init[950]: |          ooO+o  |
[   66.807013] cloud-init[950]: +----[SHA256]-----+
[   66.846705] cloud-init[950]: Generating public/private ed25519 key pair.
[   66.914939] cloud-init[950]: Your identification has been saved in /etc/ssh/ssh_host_ed25519_key.
[   67.026236] cloud-init[950]: Your public key has been saved in /etc/ssh/ssh_host_ed25519_key.pub.[[0;32m  OK  [0m] Created slice User Slice of vagrant.

         Starting User Manager for UID 1000...[   67.164691] cloud-init
[950]: The key fingerprint is:[[0;32m  OK  [0m] Started Session 1 of user vagrant.

[   67.333692] [[0;32m  OK  [0m] Started User Manager for UID 1000.cloud-init
[950]: SHA256:1Dlw73gl0ZfbiorCj0Avbstp3SdpuR9wGyMPwRgU46A root@ubuntu-xenial
[   67.518321] cloud-init[950]: The key's randomart image is:
[   67.745428] cloud-init[950]: +--[ED25519 256]--+
[   67.899629] cloud-init[950]: |    ..=.. . ..  .|
[   68.034530] cloud-init[950]: |   . o = + o ....|
[   68.188557] cloud-init[950]: |  E   o + + o ..o|
[   68.347382] cloud-init[950]: |       . . + o ..|
[   68.426656] cloud-init[950]: |    .   S = o. . |
[   68.518073] cloud-init[950]: |   . .   * =. .  |
[   68.619640] [[0;32m  OK  [0mcloud-init] Started Wait until snapd is fully seeded.[950]: |    oo.. ++.     |
[[0;32m  OK  [0m
] Reached target Multi-User System.[   68.751486] 
cloud-init[[0;32m  OK  [0m[950]: ] Reached target Graphical Interface.|   oo++.B o.     |
         
Starting Update UTMP about System Runlevel Changes...[   68.885709] 
cloud-init[950]: [[0;32m  OK  [0m|   o=..+o=.      |] Started Update UTMP about System Runlevel Changes.
[   69.064634] cloud-init[950]: 
+----[SHA256]-----+
[   69.599400] cloud-init[1097]: Generating locales (this might take a while)...

Ubuntu 16.04.5 LTS ubuntu-xenial ttyS0

ubuntu-xenial login: [   71.749700] cloud-init[1097]:   en_US.UTF-8... done
[   71.821397] cloud-init[1097]: Generation complete.
[   74.125090] cloud-init[1097]: Cloud-init v. 18.2 running 'modules:config' at Tue, 07 Aug 2018 21:31:04 +0000. Up 65.44 seconds.
ci-info: no authorized ssh keys fingerprints found for user ubuntu.
<14>Aug  7 21:31:14 ec2: 
<14>Aug  7 21:31:14 ec2: #############################################################
<14>Aug  7 21:31:14 ec2: -----BEGIN SSH HOST KEY FINGERPRINTS-----
<14>Aug  7 21:31:14 ec2: 1024 SHA256:SJILdQNkZhtPxN49/YalqLDiYfI2GEoCxSs0RaXW14o root@ubuntu-xenial (DSA)
<14>Aug  7 21:31:14 ec2: 256 SHA256:jdb6HaT+W9rRuBqNO8DmHyRngnO08Z1M2i4jZHctceU root@ubuntu-xenial (ECDSA)
<14>Aug  7 21:31:14 ec2: 256 SHA256:1Dlw73gl0ZfbiorCj0Avbstp3SdpuR9wGyMPwRgU46A root@ubuntu-xenial (ED25519)
<14>Aug  7 21:31:14 ec2: 2048 SHA256:RbDBzCcx7nA+rcMmAUmASw0+Drtyy5qyl5dOdzm5UK8 root@ubuntu-xenial (RSA)
<14>Aug  7 21:31:14 ec2: -----END SSH HOST KEY FINGERPRINTS-----
<14>Aug  7 21:31:14 ec2: #############################################################
-----BEGIN SSH HOST KEY KEYS-----
ecdsa-sha2-nistp256 AAAAE2VjZHNhLXNoYTItbmlzdHAyNTYAAAAIbmlzdHAyNTYAAABBBJWB+ghxM3jNEk235NPSfHJ2TRQABUBT3UePPRcz+0zP3DPfjblyrGdB/RRYXQ4KdjQmAC8R6usORpKOSqcV7rQ= root@ubuntu-xenial
ssh-ed25519 AAAAC3NzaC1lZDI1NTE5AAAAIGg1pJdJ2KaVNekrRZ72/gZVjr7zOHcLHYv4htNe26Re root@ubuntu-xenial
ssh-rsa AAAAB3NzaC1yc2EAAAADAQABAAABAQCywnhJ7hGJItyJwjU8pFkGWnfeWY30t8+pKyZRvLVDdLdKd3RIL9cutk5EWQLqxuM0qhs8PYv+ufD/PvaaQ0VwM4sf3GpCJG39BRC10RmEKNDzBPeqoHzqdpAxQ/Dd+h8bBAzx2nnTS6/PY+gp0LeRBMi60q3QzHSJ4CcTFa9Au19wsQffXYpNrVsB2gC6qPgWHWtxsGf7xoT0ogbTMY0XLv32c8q/wJNti5wE9zye5RDd3VJDqOloLsH/Y5AFfgCYjTPU2aDexBaWEId/QnnYGyqcAtjlXRyyfoOET6s0hqsuIeqltisbTK9rV23/qVUgE6yn08TjJaZXA4vFBtzX root@ubuntu-xenial
-----END SSH HOST KEY KEYS-----
[   76.066583] cloud-init[1580]: Cloud-init v. 18.2 running 'modules:final' at Tue, 07 Aug 2018 21:31:13 +0000. Up 74.99 seconds.
[   76.215225] cloud-init[1580]: ci-info: no authorized ssh keys fingerprints found for user ubuntu.
[   76.313466] cloud-init[1580]: Cloud-init v. 18.2 finished at Tue, 07 Aug 2018 21:31:14 +0000. Datasource DataSourceNoCloud [seed=/dev/sdb][dsmode=net].  Up 76.04 seconds
